[35m[Appium][39m Welcome to Appium v1.22.3
[35m[Appium][39m Non-default server args:
[35m[Appium][39m   port: 65284
[35m[Appium][39m   loglevel: info
[35m[Appium][39m   tmpDir: C:\Users\testing\AppData\Local\Temp\\Katalon\Appium\Temp1660825131047
[35m[Appium][39m   chromedriverPort: 65285
[35m[Appium][39m Deprecated server args:
[35m[Appium][39m   [31m--chromedriver-port[39m => --default-capabilities
[35m[Appium][39m Default capabilities, which will be added to each request unless overridden by desired capabilities:
[35m[Appium][39m   chromedriverPort: 65285
[35m[Appium][39m Appium REST http interface listener started on 0.0.0.0:65284
[35m[HTTP][39m [37m-->[39m [37mGET[39m [37m/wd/hub/status[39m
[35m[HTTP][39m [90m{}[39m
[35m[HTTP][39m [37m<-- GET /wd/hub/status [39m[32m200[39m [90m5 ms - 68[39m
[35m[HTTP][39m [90m[39m
[35m[HTTP][39m [37m-->[39m [37mGET[39m [37m/wd/hub/status[39m
[35m[HTTP][39m [90m{}[39m
[35m[HTTP][39m [37m<-- GET /wd/hub/status [39m[32m200[39m [90m1 ms - 68[39m
[35m[HTTP][39m [90m[39m
[35m[HTTP][39m [37m-->[39m [37mPOST[39m [37m/wd/hub/session[39m
[35m[HTTP][39m [90m{"desiredCapabilities":{"appActivity":".Settings","appPackage":"com.android.settings","newCommandTimeout":1800,"platformVersion":"11","automationName":"uiautomator2","autoGrantPermissions":true,"platformName":"Android","udid":"emulator-5554","deviceName":"emulator-5554 (sdk_gphone_x86 - Android 11)","platform":"ANDROID","systemPort":8234},"capabilities":{"firstMatch":[{"appium:appActivity":".Settings","appium:appPackage":"com.android.settings","appium:autoGrantPermissions":true,"appium:automationName":"uiautomator2","appium:deviceName":"emulator-5554 (sdk_gphone_x86 - Android 11)","appium:newCommandTimeout":1800,"platform":"ANDROID","platformName":"android","appium:platformVersion":"11","appium:systemPort":8234,"appium:udid":"emulator-5554"}]}}[39m
[35m[BaseDriver][39m The following capabilities are not standard capabilities and should have an extension prefix:
[35m[BaseDriver][39m   platform
[35m[BaseDriver][39m   chromedriverPort
[35m[Appium][39m Appium v1.22.3 creating new AndroidUiautomator2Driver (v1.70.1) session
[35m[BaseDriver][39m The following capabilities were provided, but are not recognized by Appium:
[35m[BaseDriver][39m   platform
[35m[BaseDriver][39m Session created with session id: a9086da8-fdae-454c-bcae-59174830b9ef
[35m[UiAutomator2][39m Starting 'com.android.settings' directly on the device
[35m[ADB][39m Found 1 'build-tools' folders under 'C:\Users\testing\.katalon\tools\android_sdk' (newest first):
[35m[ADB][39m     C:/Users/testing/.katalon/tools/android_sdk/build-tools/29.0.3
[35m[ADB][39m Using 'adb.exe' from 'C:\Users\testing\.katalon\tools\android_sdk\platform-tools\adb.exe'
[35m[AndroidDriver][39m Retrieving device list
[35m[AndroidDriver][39m Using device: emulator-5554
[35m[ADB][39m Using 'adb.exe' from 'C:\Users\testing\.katalon\tools\android_sdk\platform-tools\adb.exe'
[35m[ADB][39m Getting device platform version
[35m[UiAutomator2][39m Relaxing hidden api policy
[35m[AndroidDriver][39m No app sent in, not parsing package/activity
[35m[ADB][39m Using 'apksigner.jar' from 'C:\Users\testing\.katalon\tools\android_sdk\build-tools\29.0.3\lib\apksigner.jar'
[35m[ADB][39m 'C:\Users\Administrator\AppData\Roaming\npm\node_modules\appium\node_modules\appium-uiautomator2-server\apks\appium-uiautomator2-server-v4.27.0.apk' is signed with the default certificate
[35m[ADB][39m 'C:\Users\Administrator\AppData\Roaming\npm\node_modules\appium\node_modules\appium-uiautomator2-server\apks\appium-uiautomator2-server-debug-androidTest.apk' is signed with the default certificate
[35m[UiAutomator2][39m Server packages are not going to be (re)installed
[35m[ADB][39m Adding packages ["io.appium.settings","io.appium.uiautomator2.server","io.appium.uiautomator2.server.test"] to Doze whitelist
[35m[UiAutomator2][39m Starting UIAutomator2 server 4.27.0
[35m[UiAutomator2][39m Using UIAutomator2 server from 'C:\Users\Administrator\AppData\Roaming\npm\node_modules\appium\node_modules\appium-uiautomator2-server\apks\appium-uiautomator2-server-v4.27.0.apk' and test from 'C:\Users\Administrator\AppData\Roaming\npm\node_modules\appium\node_modules\appium-uiautomator2-server\apks\appium-uiautomator2-server-debug-androidTest.apk'
[35m[UiAutomator2][39m Waiting up to 30000ms for UiAutomator2 to be online...
[35m[WD Proxy][39m socket hang up
[35m[WD Proxy][39m socket hang up
[35m[WD Proxy][39m Determined the downstream protocol as 'W3C'
[35m[AndroidDriver][39m Screen already unlocked, doing nothing
[35m[UiAutomator2][39m Starting 'com.android.settings/.Settings and waiting for 'com.android.settings/.Settings'
[35m[Appium][39m New AndroidUiautomator2Driver session created successfully, session a9086da8-fdae-454c-bcae-59174830b9ef added to master session list
[35m[HTTP][39m [37m<-- POST /wd/hub/session [39m[32m200[39m [90m7218 ms - 1186[39m
[35m[HTTP][39m [90m[39m
[35m[HTTP][39m [37m-->[39m [37mGET[39m [37m/wd/hub/session/a9086da8-fdae-454c-bcae-59174830b9ef[39m
[35m[HTTP][39m [90m{}[39m
[35m[HTTP][39m [37m<-- GET /wd/hub/session/a9086da8-fdae-454c-bcae-59174830b9ef [39m[32m200[39m [90m10 ms - 1140[39m
[35m[HTTP][39m [90m[39m
[35m[HTTP][39m [37m-->[39m [37mGET[39m [37m/wd/hub/session/a9086da8-fdae-454c-bcae-59174830b9ef[39m
[35m[HTTP][39m [90m{}[39m
[35m[HTTP][39m [37m<-- GET /wd/hub/session/a9086da8-fdae-454c-bcae-59174830b9ef [39m[32m200[39m [90m15 ms - 1140[39m
[35m[HTTP][39m [90m[39m
[35m[HTTP][39m [37m-->[39m [37mGET[39m [37m/wd/hub/status[39m
[35m[HTTP][39m [90m{}[39m
[35m[HTTP][39m [37m<-- GET /wd/hub/status [39m[32m200[39m [90m1 ms - 68[39m
[35m[HTTP][39m [90m[39m
[35m[HTTP][39m [37m-->[39m [37mPOST[39m [37m/wd/hub/session/a9086da8-fdae-454c-bcae-59174830b9ef/timeouts[39m
[35m[HTTP][39m [90m{"implicit":60000}[39m
[35m[HTTP][39m [37m<-- POST /wd/hub/session/a9086da8-fdae-454c-bcae-59174830b9ef/timeouts [39m[32m200[39m [90m2 ms - 14[39m
[35m[HTTP][39m [90m[39m
[35m[HTTP][39m [37m-->[39m [37mGET[39m [37m/wd/hub/session/a9086da8-fdae-454c-bcae-59174830b9ef/screenshot[39m
[35m[HTTP][39m [90m{}[39m
[35m[HTTP][39m [37m<-- GET /wd/hub/session/a9086da8-fdae-454c-bcae-59174830b9ef/screenshot [39m[32m200[39m [90m408 ms - 195628[39m
[35m[HTTP][39m [90m[39m
[35m[HTTP][39m [37m-->[39m [37mGET[39m [37m/wd/hub/session/a9086da8-fdae-454c-bcae-59174830b9ef/window/rect[39m
[35m[HTTP][39m [90m{}[39m
[35m[HTTP][39m [37m<-- GET /wd/hub/session/a9086da8-fdae-454c-bcae-59174830b9ef/window/rect [39m[32m200[39m [90m17 ms - 50[39m
[35m[HTTP][39m [90m[39m
[35m[HTTP][39m [37m-->[39m [37mGET[39m [37m/wd/hub/session/a9086da8-fdae-454c-bcae-59174830b9ef/appium/device/system_bars[39m
[35m[HTTP][39m [90m{}[39m
[35m[HTTP][39m [37m<-- GET /wd/hub/session/a9086da8-fdae-454c-bcae-59174830b9ef/appium/device/system_bars [39m[32m200[39m [90m104 ms - 149[39m
[35m[HTTP][39m [90m[39m
[35m[HTTP][39m [37m-->[39m [37mPOST[39m [37m/wd/hub/session/a9086da8-fdae-454c-bcae-59174830b9ef/appium/device/activate_app[39m
[35m[HTTP][39m [90m{"bundleId":"com.experitest.ExperiBank"}[39m
[35m[HTTP][39m [37m<-- POST /wd/hub/session/a9086da8-fdae-454c-bcae-59174830b9ef/appium/device/activate_app [39m[32m200[39m [90m389 ms - 14[39m
[35m[HTTP][39m [90m[39m
[35m[HTTP][39m [37m-->[39m [37mGET[39m [37m/wd/hub/session/a9086da8-fdae-454c-bcae-59174830b9ef/source[39m
[35m[HTTP][39m [90m{}[39m
[35m[W3C (a9086da8)][39m Driver proxy active, passing request on via HTTP proxy
[35m[WD Proxy][39m Replacing sessionId 70a24cc3-fed7-4bfa-8ae9-32ccc1a308db with a9086da8-fdae-454c-bcae-59174830b9ef
[35m[HTTP][39m [37m<-- GET /wd/hub/session/a9086da8-fdae-454c-bcae-59174830b9ef/source [39m[32m200[39m [90m863 ms - 7657[39m
[35m[HTTP][39m [90m[39m
[35m[HTTP][39m [37m-->[39m [37mGET[39m [37m/wd/hub/session/a9086da8-fdae-454c-bcae-59174830b9ef/screenshot[39m
[35m[HTTP][39m [90m{}[39m
[35m[HTTP][39m [37m<-- GET /wd/hub/session/a9086da8-fdae-454c-bcae-59174830b9ef/screenshot [39m[32m200[39m [90m271 ms - 252356[39m
[35m[HTTP][39m [90m[39m
[35m[HTTP][39m [37m-->[39m [37mPOST[39m [37m/wd/hub/session/a9086da8-fdae-454c-bcae-59174830b9ef/elements[39m
[35m[HTTP][39m [90m{"using":"xpath","value":"//*[@class = 'android.widget.EditText' and (@text = 'Username' or . = 'Username') and @resource-id = 'com.experitest.ExperiBank:id/usernameTextField']"}[39m
[35m[HTTP][39m [37m<-- POST /wd/hub/session/a9086da8-fdae-454c-bcae-59174830b9ef/elements [39m[32m200[39m [90m564 ms - 139[39m
[35m[HTTP][39m [90m[39m
[35m[HTTP][39m [37m-->[39m [37mGET[39m [37m/wd/hub/session/a9086da8-fdae-454c-bcae-59174830b9ef/window/rect[39m
[35m[HTTP][39m [90m{}[39m
[35m[HTTP][39m [37m<-- GET /wd/hub/session/a9086da8-fdae-454c-bcae-59174830b9ef/window/rect [39m[32m200[39m [90m11 ms - 50[39m
[35m[HTTP][39m [90m[39m
[35m[HTTP][39m [37m-->[39m [37mPOST[39m [37m/wd/hub/session/a9086da8-fdae-454c-bcae-59174830b9ef/elements[39m
[35m[HTTP][39m [90m{"using":"xpath","value":"//*[@class = 'android.widget.EditText' and (@text = 'Username' or . = 'Username') and @resource-id = 'com.experitest.ExperiBank:id/usernameTextField']"}[39m
[35m[HTTP][39m [37m<-- POST /wd/hub/session/a9086da8-fdae-454c-bcae-59174830b9ef/elements [39m[32m200[39m [90m82 ms - 139[39m
[35m[HTTP][39m [90m[39m
[35m[HTTP][39m [37m-->[39m [37mGET[39m [37m/wd/hub/session/a9086da8-fdae-454c-bcae-59174830b9ef/element/00000000-0000-018c-ffff-ffff0000000a/location[39m
[35m[HTTP][39m [90m{}[39m
[35m[W3C (a9086da8)][39m Driver proxy active, passing request on via HTTP proxy
[35m[WD Proxy][39m Replacing sessionId 70a24cc3-fed7-4bfa-8ae9-32ccc1a308db with a9086da8-fdae-454c-bcae-59174830b9ef
[35m[HTTP][39m [37m<-- GET /wd/hub/session/a9086da8-fdae-454c-bcae-59174830b9ef/element/00000000-0000-018c-ffff-ffff0000000a/location [39m[32m200[39m [90m13 ms - 77[39m
[35m[HTTP][39m [90m[39m
[35m[HTTP][39m [37m-->[39m [37mPOST[39m [37m/wd/hub/session/a9086da8-fdae-454c-bcae-59174830b9ef/element/00000000-0000-018c-ffff-ffff0000000a/clear[39m
[35m[HTTP][39m [90m{"id":"00000000-0000-018c-ffff-ffff0000000a"}[39m
[35m[HTTP][39m [37m<-- POST /wd/hub/session/a9086da8-fdae-454c-bcae-59174830b9ef/element/00000000-0000-018c-ffff-ffff0000000a/clear [39m[32m200[39m [90m25 ms - 14[39m
[35m[HTTP][39m [90m[39m
[35m[HTTP][39m [37m-->[39m [37mPOST[39m [37m/wd/hub/session/a9086da8-fdae-454c-bcae-59174830b9ef/element/00000000-0000-018c-ffff-ffff0000000a/value[39m
[35m[HTTP][39m [90m{"id":"00000000-0000-018c-ffff-ffff0000000a","text":"company","value":["c","o","m","p","a","n","y"]}[39m
[35m[HTTP][39m [37m<-- POST /wd/hub/session/a9086da8-fdae-454c-bcae-59174830b9ef/element/00000000-0000-018c-ffff-ffff0000000a/value [39m[32m200[39m [90m1068 ms - 14[39m
[35m[HTTP][39m [90m[39m
[35m[HTTP][39m [37m-->[39m [37mGET[39m [37m/wd/hub/session/a9086da8-fdae-454c-bcae-59174830b9ef/source[39m
[35m[HTTP][39m [90m{}[39m
[35m[W3C (a9086da8)][39m Driver proxy active, passing request on via HTTP proxy
[35m[WD Proxy][39m Replacing sessionId 70a24cc3-fed7-4bfa-8ae9-32ccc1a308db with a9086da8-fdae-454c-bcae-59174830b9ef
[35m[HTTP][39m [37m<-- GET /wd/hub/session/a9086da8-fdae-454c-bcae-59174830b9ef/source [39m[32m200[39m [90m50 ms - 7656[39m
[35m[HTTP][39m [90m[39m
[35m[HTTP][39m [37m-->[39m [37mGET[39m [37m/wd/hub/session/a9086da8-fdae-454c-bcae-59174830b9ef/screenshot[39m
[35m[HTTP][39m [90m{}[39m
[35m[HTTP][39m [37m<-- GET /wd/hub/session/a9086da8-fdae-454c-bcae-59174830b9ef/screenshot [39m[32m200[39m [90m278 ms - 254214[39m
[35m[HTTP][39m [90m[39m
[35m[HTTP][39m [37m-->[39m [37mPOST[39m [37m/wd/hub/session/a9086da8-fdae-454c-bcae-59174830b9ef/elements[39m
[35m[HTTP][39m [90m{"using":"xpath","value":"//*[@class = 'android.widget.EditText' and (@text = 'Password' or . = 'Password') and @resource-id = 'com.experitest.ExperiBank:id/passwordTextField']"}[39m
[35m[HTTP][39m [37m<-- POST /wd/hub/session/a9086da8-fdae-454c-bcae-59174830b9ef/elements [39m[32m200[39m [90m68 ms - 139[39m
[35m[HTTP][39m [90m[39m
[35m[HTTP][39m [37m-->[39m [37mGET[39m [37m/wd/hub/session/a9086da8-fdae-454c-bcae-59174830b9ef/window/rect[39m
[35m[HTTP][39m [90m{}[39m
[35m[HTTP][39m [37m<-- GET /wd/hub/session/a9086da8-fdae-454c-bcae-59174830b9ef/window/rect [39m[32m200[39m [90m9 ms - 50[39m
[35m[HTTP][39m [90m[39m
[35m[HTTP][39m [37m-->[39m [37mPOST[39m [37m/wd/hub/session/a9086da8-fdae-454c-bcae-59174830b9ef/elements[39m
[35m[HTTP][39m [90m{"using":"xpath","value":"//*[@class = 'android.widget.EditText' and (@text = 'Password' or . = 'Password') and @resource-id = 'com.experitest.ExperiBank:id/passwordTextField']"}[39m
[35m[HTTP][39m [37m<-- POST /wd/hub/session/a9086da8-fdae-454c-bcae-59174830b9ef/elements [39m[32m200[39m [90m77 ms - 139[39m
[35m[HTTP][39m [90m[39m
[35m[HTTP][39m [37m-->[39m [37mGET[39m [37m/wd/hub/session/a9086da8-fdae-454c-bcae-59174830b9ef/element/00000000-0000-018c-ffff-ffff0000000c/location[39m
[35m[HTTP][39m [90m{}[39m
[35m[W3C (a9086da8)][39m Driver proxy active, passing request on via HTTP proxy
[35m[WD Proxy][39m Replacing sessionId 70a24cc3-fed7-4bfa-8ae9-32ccc1a308db with a9086da8-fdae-454c-bcae-59174830b9ef
[35m[HTTP][39m [37m<-- GET /wd/hub/session/a9086da8-fdae-454c-bcae-59174830b9ef/element/00000000-0000-018c-ffff-ffff0000000c/location [39m[32m200[39m [90m12 ms - 77[39m
[35m[HTTP][39m [90m[39m
[35m[HTTP][39m [37m-->[39m [37mPOST[39m [37m/wd/hub/session/a9086da8-fdae-454c-bcae-59174830b9ef/element/00000000-0000-018c-ffff-ffff0000000c/clear[39m
[35m[HTTP][39m [90m{"id":"00000000-0000-018c-ffff-ffff0000000c"}[39m
[35m[HTTP][39m [37m<-- POST /wd/hub/session/a9086da8-fdae-454c-bcae-59174830b9ef/element/00000000-0000-018c-ffff-ffff0000000c/clear [39m[32m200[39m [90m10 ms - 14[39m
[35m[HTTP][39m [90m[39m
[35m[HTTP][39m [37m-->[39m [37mPOST[39m [37m/wd/hub/session/a9086da8-fdae-454c-bcae-59174830b9ef/element/00000000-0000-018c-ffff-ffff0000000c/value[39m
[35m[HTTP][39m [90m{"id":"00000000-0000-018c-ffff-ffff0000000c","text":"company","value":["c","o","m","p","a","n","y"]}[39m
[35m[HTTP][39m [37m<-- POST /wd/hub/session/a9086da8-fdae-454c-bcae-59174830b9ef/element/00000000-0000-018c-ffff-ffff0000000c/value [39m[32m200[39m [90m1020 ms - 14[39m
[35m[HTTP][39m [90m[39m
[35m[HTTP][39m [37m-->[39m [37mGET[39m [37m/wd/hub/session/a9086da8-fdae-454c-bcae-59174830b9ef/source[39m
[35m[HTTP][39m [90m{}[39m
[35m[W3C (a9086da8)][39m Driver proxy active, passing request on via HTTP proxy
[35m[WD Proxy][39m Replacing sessionId 70a24cc3-fed7-4bfa-8ae9-32ccc1a308db with a9086da8-fdae-454c-bcae-59174830b9ef
[35m[HTTP][39m [37m<-- GET /wd/hub/session/a9086da8-fdae-454c-bcae-59174830b9ef/source [39m[32m200[39m [90m30 ms - 7669[39m
[35m[HTTP][39m [90m[39m
[35m[HTTP][39m [37m-->[39m [37mGET[39m [37m/wd/hub/session/a9086da8-fdae-454c-bcae-59174830b9ef/screenshot[39m
[35m[HTTP][39m [90m{}[39m
[35m[HTTP][39m [37m<-- GET /wd/hub/session/a9086da8-fdae-454c-bcae-59174830b9ef/screenshot [39m[32m200[39m [90m274 ms - 248218[39m
[35m[HTTP][39m [90m[39m
[35m[HTTP][39m [37m-->[39m [37mPOST[39m [37m/wd/hub/session/a9086da8-fdae-454c-bcae-59174830b9ef/elements[39m
[35m[HTTP][39m [90m{"using":"xpath","value":"//*[@class = 'android.widget.Button' and (@text = 'Login' or . = 'Login') and @resource-id = 'com.experitest.ExperiBank:id/loginButton']"}[39m
[35m[HTTP][39m [37m<-- POST /wd/hub/session/a9086da8-fdae-454c-bcae-59174830b9ef/elements [39m[32m200[39m [90m45 ms - 139[39m
[35m[HTTP][39m [90m[39m
[35m[HTTP][39m [37m-->[39m [37mGET[39m [37m/wd/hub/session/a9086da8-fdae-454c-bcae-59174830b9ef/window/rect[39m
[35m[HTTP][39m [90m{}[39m
[35m[HTTP][39m [37m<-- GET /wd/hub/session/a9086da8-fdae-454c-bcae-59174830b9ef/window/rect [39m[32m200[39m [90m6 ms - 50[39m
[35m[HTTP][39m [90m[39m
[35m[HTTP][39m [37m-->[39m [37mPOST[39m [37m/wd/hub/session/a9086da8-fdae-454c-bcae-59174830b9ef/elements[39m
[35m[HTTP][39m [90m{"using":"xpath","value":"//*[@class = 'android.widget.Button' and (@text = 'Login' or . = 'Login') and @resource-id = 'com.experitest.ExperiBank:id/loginButton']"}[39m
[35m[HTTP][39m [37m<-- POST /wd/hub/session/a9086da8-fdae-454c-bcae-59174830b9ef/elements [39m[32m200[39m [90m61 ms - 139[39m
[35m[HTTP][39m [90m[39m
[35m[HTTP][39m [37m-->[39m [37mGET[39m [37m/wd/hub/session/a9086da8-fdae-454c-bcae-59174830b9ef/element/00000000-0000-018c-ffff-ffff0000000d/location[39m
[35m[HTTP][39m [90m{}[39m
[35m[W3C (a9086da8)][39m Driver proxy active, passing request on via HTTP proxy
[35m[WD Proxy][39m Replacing sessionId 70a24cc3-fed7-4bfa-8ae9-32ccc1a308db with a9086da8-fdae-454c-bcae-59174830b9ef
[35m[HTTP][39m [37m<-- GET /wd/hub/session/a9086da8-fdae-454c-bcae-59174830b9ef/element/00000000-0000-018c-ffff-ffff0000000d/location [39m[32m200[39m [90m11 ms - 78[39m
[35m[HTTP][39m [90m[39m
[35m[HTTP][39m [37m-->[39m [37mPOST[39m [37m/wd/hub/session/a9086da8-fdae-454c-bcae-59174830b9ef/element/00000000-0000-018c-ffff-ffff0000000d/click[39m
[35m[HTTP][39m [90m{"id":"00000000-0000-018c-ffff-ffff0000000d"}[39m
[35m[HTTP][39m [37m<-- POST /wd/hub/session/a9086da8-fdae-454c-bcae-59174830b9ef/element/00000000-0000-018c-ffff-ffff0000000d/click [39m[32m200[39m [90m57 ms - 14[39m
[35m[HTTP][39m [90m[39m
[35m[HTTP][39m [37m-->[39m [37mGET[39m [37m/wd/hub/session/a9086da8-fdae-454c-bcae-59174830b9ef/source[39m
[35m[HTTP][39m [90m{}[39m
[35m[W3C (a9086da8)][39m Driver proxy active, passing request on via HTTP proxy
[35m[WD Proxy][39m Replacing sessionId 70a24cc3-fed7-4bfa-8ae9-32ccc1a308db with a9086da8-fdae-454c-bcae-59174830b9ef
[35m[HTTP][39m [37m<-- GET /wd/hub/session/a9086da8-fdae-454c-bcae-59174830b9ef/source [39m[32m200[39m [90m492 ms - 8942[39m
[35m[HTTP][39m [90m[39m
[35m[HTTP][39m [37m-->[39m [37mGET[39m [37m/wd/hub/session/a9086da8-fdae-454c-bcae-59174830b9ef/screenshot[39m
[35m[HTTP][39m [90m{}[39m
[35m[HTTP][39m [37m<-- GET /wd/hub/session/a9086da8-fdae-454c-bcae-59174830b9ef/screenshot [39m[32m200[39m [90m278 ms - 299290[39m
[35m[HTTP][39m [90m[39m
[35m[HTTP][39m [37m-->[39m [37mPOST[39m [37m/wd/hub/session/a9086da8-fdae-454c-bcae-59174830b9ef/elements[39m
[35m[HTTP][39m [90m{"using":"xpath","value":"//*[@class = 'android.widget.Button' and (@text = 'Logout' or . = 'Logout') and @resource-id = 'com.experitest.ExperiBank:id/logoutButton']"}[39m
[35m[HTTP][39m [37m<-- POST /wd/hub/session/a9086da8-fdae-454c-bcae-59174830b9ef/elements [39m[32m200[39m [90m65 ms - 139[39m
[35m[HTTP][39m [90m[39m
[35m[HTTP][39m [37m-->[39m [37mGET[39m [37m/wd/hub/session/a9086da8-fdae-454c-bcae-59174830b9ef/window/rect[39m
[35m[HTTP][39m [90m{}[39m
[35m[HTTP][39m [37m<-- GET /wd/hub/session/a9086da8-fdae-454c-bcae-59174830b9ef/window/rect [39m[32m200[39m [90m6 ms - 50[39m
[35m[HTTP][39m [90m[39m
[35m[HTTP][39m [37m-->[39m [37mPOST[39m [37m/wd/hub/session/a9086da8-fdae-454c-bcae-59174830b9ef/elements[39m
[35m[HTTP][39m [90m{"using":"xpath","value":"//*[@class = 'android.widget.Button' and (@text = 'Logout' or . = 'Logout') and @resource-id = 'com.experitest.ExperiBank:id/logoutButton']"}[39m
[35m[HTTP][39m [37m<-- POST /wd/hub/session/a9086da8-fdae-454c-bcae-59174830b9ef/elements [39m[32m200[39m [90m65 ms - 139[39m
[35m[HTTP][39m [90m[39m
[35m[HTTP][39m [37m-->[39m [37mGET[39m [37m/wd/hub/session/a9086da8-fdae-454c-bcae-59174830b9ef/element/00000000-0000-018e-ffff-ffff00000020/location[39m
[35m[HTTP][39m [90m{}[39m
[35m[W3C (a9086da8)][39m Driver proxy active, passing request on via HTTP proxy
[35m[WD Proxy][39m Replacing sessionId 70a24cc3-fed7-4bfa-8ae9-32ccc1a308db with a9086da8-fdae-454c-bcae-59174830b9ef
[35m[HTTP][39m [37m<-- GET /wd/hub/session/a9086da8-fdae-454c-bcae-59174830b9ef/element/00000000-0000-018e-ffff-ffff00000020/location [39m[32m200[39m [90m11 ms - 79[39m
[35m[HTTP][39m [90m[39m
[35m[HTTP][39m [37m-->[39m [37mPOST[39m [37m/wd/hub/session/a9086da8-fdae-454c-bcae-59174830b9ef/element/00000000-0000-018e-ffff-ffff00000020/click[39m
[35m[HTTP][39m [90m{"id":"00000000-0000-018e-ffff-ffff00000020"}[39m
[35m[HTTP][39m [37m<-- POST /wd/hub/session/a9086da8-fdae-454c-bcae-59174830b9ef/element/00000000-0000-018e-ffff-ffff00000020/click [39m[32m200[39m [90m62 ms - 14[39m
[35m[HTTP][39m [90m[39m
[35m[HTTP][39m [37m-->[39m [37mGET[39m [37m/wd/hub/session/a9086da8-fdae-454c-bcae-59174830b9ef/source[39m
[35m[HTTP][39m [90m{}[39m
[35m[W3C (a9086da8)][39m Driver proxy active, passing request on via HTTP proxy
[35m[WD Proxy][39m Replacing sessionId 70a24cc3-fed7-4bfa-8ae9-32ccc1a308db with a9086da8-fdae-454c-bcae-59174830b9ef
[35m[HTTP][39m [37m<-- GET /wd/hub/session/a9086da8-fdae-454c-bcae-59174830b9ef/source [39m[32m200[39m [90m175 ms - 7657[39m
[35m[HTTP][39m [90m[39m
[35m[HTTP][39m [37m-->[39m [37mGET[39m [37m/wd/hub/session/a9086da8-fdae-454c-bcae-59174830b9ef/screenshot[39m
[35m[HTTP][39m [90m{}[39m
[35m[HTTP][39m [37m<-- GET /wd/hub/session/a9086da8-fdae-454c-bcae-59174830b9ef/screenshot [39m[32m200[39m [90m279 ms - 252356[39m
[35m[HTTP][39m [90m[39m
[35m[HTTP][39m [37m-->[39m [37mDELETE[39m [37m/wd/hub/session/a9086da8-fdae-454c-bcae-59174830b9ef[39m
[35m[HTTP][39m [90m{}[39m
[35m[Appium][39m Removing session a9086da8-fdae-454c-bcae-59174830b9ef from our master session list
[35m[UiAutomator2][39m Restoring hidden api policy to the device default configuration
[35m[HTTP][39m [37m<-- DELETE /wd/hub/session/a9086da8-fdae-454c-bcae-59174830b9ef [39m[32m200[39m [90m224 ms - 14[39m
[35m[HTTP][39m [90m[39m
